#
# There is insufficient memory for the Java Runtime Environment to continue.
# Native memory allocation (malloc) failed to allocate 1850576 bytes for Chunk::new
# Possible reasons:
#   The system is out of physical RAM or swap space
#   The process is running with CompressedOops enabled, and the Java Heap may be blocking the growth of the native heap
# Possible solutions:
#   Reduce memory load on the system
#   Increase physical memory or swap space
#   Check if swap backing store is full
#   Decrease Java heap size (-Xmx/-Xms)
#   Decrease number of Java threads
#   Decrease Java thread stack sizes (-Xss)
#   Set larger code cache with -XX:ReservedCodeCacheSize=
#   JVM is running with Unscaled Compressed Oops mode in which the Java heap is
#     placed in the first 4GB address space. The Java Heap base address is the
#     maximum limit for the native heap growth. Please use -XX:HeapBaseMinAddress
#     to set the Java Heap base and to place the Java Heap above 4GB virtual address.
# This output file may be truncated or incomplete.
#
#  Out of Memory Error (./src/hotspot/share/memory/arena.cpp:197), pid=9448, tid=2084
#
# JRE version: OpenJDK Runtime Environment Corretto-11.0.9.12.1 (11.0.9.1+12) (build 11.0.9.1+12-LTS)
# Java VM: OpenJDK 64-Bit Server VM Corretto-11.0.9.12.1 (11.0.9.1+12-LTS, mixed mode, tiered, compressed oops, g1 gc, windows-amd64)
# No core dump will be written. Minidumps are not enabled by default on client versions of Windows
#

---------------  S U M M A R Y ------------

Command Line: -javaagent:C:\Program Files\JetBrains\IntelliJ IDEA Community Edition 2020.3\lib\idea_rt.jar=51002:C:\Program Files\JetBrains\IntelliJ IDEA Community Edition 2020.3\bin -Dfile.encoding=UTF-8 com.example.Exceptions.ExceptionsApplication

Host: AMD Ryzen 5 3500U with Radeon Vega Mobile Gfx  , 8 cores, 6G,  Windows 10 , 64 bit Build 19041 (10.0.19041.1202)
Time: Wed Nov 17 01:22:10 2021 RTZ 2 (зима) elapsed time: 4.057183 seconds (0d 0h 0m 4s)

---------------  T H R E A D  ---------------

Current thread (0x00000275ef6bb800):  JavaThread "C2 CompilerThread0" daemon [_thread_in_native, id=2084, stack(0x000000d7e1a00000,0x000000d7e1b00000)]


Current CompileTask:
C2:   4057 3328   !   4       java.net.URL::<init> (543 bytes)

Stack: [0x000000d7e1a00000,0x000000d7e1b00000]
Native frames: (J=compiled Java code, j=interpreted, Vv=VM code, C=native code)
V  [jvm.dll+0x5f504a]
V  [jvm.dll+0x77d3ee]
V  [jvm.dll+0x77eabf]
V  [jvm.dll+0x77f183]
V  [jvm.dll+0x247668]
V  [jvm.dll+0xbe2bc]
V  [jvm.dll+0xbe9bc]
V  [jvm.dll+0x34cf87]
V  [jvm.dll+0x31ac93]
V  [jvm.dll+0x319fca]
V  [jvm.dll+0x201105]
V  [jvm.dll+0x2002bf]
V  [jvm.dll+0x184fbc]
V  [jvm.dll+0x20f697]
V  [jvm.dll+0x20d87b]
V  [jvm.dll+0x741ca9]
V  [jvm.dll+0x73ad54]
V  [jvm.dll+0x5f3f76]
C  [ucrtbase.dll+0x21bb2]
C  [KERNEL32.DLL+0x17034]
C  [ntdll.dll+0x52651]


---------------  P R O C E S S  ---------------

Threads class SMR info:
_java_thread_list=0x00000275f3c44670, length=17, elements={
0x00000275ef67d800, 0x00000275ef6a7800, 0x00000275ef6ba000, 0x00000275ef6ba800,
0x00000275ef6bb800, 0x00000275ef6ca800, 0x00000275ef6d9000, 0x00000275d092d000,
0x00000275f01fe000, 0x00000275f050a000, 0x00000275f052a800, 0x00000275f1987800,
0x00000275f198d000, 0x00000275f198c000, 0x00000275f1989000, 0x00000275f198e000,
0x00000275f198b800
}

Java Threads: ( => current thread )
  0x00000275ef67d800 JavaThread "Reference Handler" daemon [_thread_blocked, id=9752, stack(0x000000d7e1600000,0x000000d7e1700000)]
  0x00000275ef6a7800 JavaThread "Finalizer" daemon [_thread_blocked, id=14740, stack(0x000000d7e1700000,0x000000d7e1800000)]
  0x00000275ef6ba000 JavaThread "Signal Dispatcher" daemon [_thread_blocked, id=13060, stack(0x000000d7e1800000,0x000000d7e1900000)]
  0x00000275ef6ba800 JavaThread "Attach Listener" daemon [_thread_blocked, id=15844, stack(0x000000d7e1900000,0x000000d7e1a00000)]
=>0x00000275ef6bb800 JavaThread "C2 CompilerThread0" daemon [_thread_in_native, id=2084, stack(0x000000d7e1a00000,0x000000d7e1b00000)]
  0x00000275ef6ca800 JavaThread "C1 CompilerThread0" daemon [_thread_blocked, id=16056, stack(0x000000d7e1b00000,0x000000d7e1c00000)]
  0x00000275ef6d9000 JavaThread "Sweeper thread" daemon [_thread_blocked, id=2384, stack(0x000000d7e1c00000,0x000000d7e1d00000)]
  0x00000275d092d000 JavaThread "Common-Cleaner" daemon [_thread_blocked, id=11368, stack(0x000000d7e1d00000,0x000000d7e1e00000)]
  0x00000275f01fe000 JavaThread "C2 CompilerThread1" daemon [_thread_in_native, id=2112, stack(0x000000d7e1e00000,0x000000d7e1f00000)]
  0x00000275f050a000 JavaThread "Monitor Ctrl-Break" daemon [_thread_in_native, id=15796, stack(0x000000d7e1f00000,0x000000d7e2000000)]
  0x00000275f052a800 JavaThread "Service Thread" daemon [_thread_blocked, id=1120, stack(0x000000d7e2000000,0x000000d7e2100000)]
  0x00000275f1987800 JavaThread "Catalina-utility-1" [_thread_blocked, id=9552, stack(0x000000d7e2300000,0x000000d7e2400000)]
  0x00000275f198d000 JavaThread "Catalina-utility-2" [_thread_blocked, id=9776, stack(0x000000d7e2700000,0x000000d7e2800000)]
  0x00000275f198c000 JavaThread "container-0" [_thread_blocked, id=15148, stack(0x000000d7e2800000,0x000000d7e2900000)]
  0x00000275f1989000 JavaThread "http-nio-8080-Poller" daemon [_thread_in_native, id=2808, stack(0x000000d7e2d00000,0x000000d7e2e00000)]
  0x00000275f198e000 JavaThread "http-nio-8080-Acceptor" daemon [_thread_in_native, id=12328, stack(0x000000d7e2e00000,0x000000d7e2f00000)]
  0x00000275f198b800 JavaThread "DestroyJavaVM" [_thread_blocked, id=15060, stack(0x000000d7e0f00000,0x000000d7e1000000)]

Other Threads:
  0x00000275ef67c800 VMThread "VM Thread" [stack: 0x000000d7e1500000,0x000000d7e1600000] [id=16060]
  0x00000275f0535800 WatcherThread [stack: 0x000000d7e2100000,0x000000d7e2200000] [id=8]
  0x00000275d0862800 GCTaskThread "GC Thread#0" [stack: 0x000000d7e1000000,0x000000d7e1100000] [id=15764]
  0x00000275f0b99800 GCTaskThread "GC Thread#1" [stack: 0x000000d7e2200000,0x000000d7e2300000] [id=14364]
  0x00000275f165c000 GCTaskThread "GC Thread#2" [stack: 0x000000d7e2400000,0x000000d7e2500000] [id=16160]
  0x00000275f154d000 GCTaskThread "GC Thread#3" [stack: 0x000000d7e2500000,0x000000d7e2600000] [id=2388]
  0x00000275f152b800 GCTaskThread "GC Thread#4" [stack: 0x000000d7e2900000,0x000000d7e2a00000] [id=8164]
  0x00000275f1529800 GCTaskThread "GC Thread#5" [stack: 0x000000d7e2a00000,0x000000d7e2b00000] [id=6040]
  0x00000275f3bce800 GCTaskThread "GC Thread#6" [stack: 0x000000d7e2b00000,0x000000d7e2c00000] [id=12852]
  0x00000275f1a80800 GCTaskThread "GC Thread#7" [stack: 0x000000d7e2c00000,0x000000d7e2d00000] [id=13088]
  0x00000275d088f800 ConcurrentGCThread "G1 Main Marker" [stack: 0x000000d7e1100000,0x000000d7e1200000] [id=4720]
  0x00000275d0892000 ConcurrentGCThread "G1 Conc#0" [stack: 0x000000d7e1200000,0x000000d7e1300000] [id=5812]
  0x00000275f1172800 ConcurrentGCThread "G1 Conc#1" [stack: 0x000000d7e2600000,0x000000d7e2700000] [id=7196]
  0x00000275d0921800 ConcurrentGCThread "G1 Refine#0" [stack: 0x000000d7e1300000,0x000000d7e1400000] [id=10908]
  0x00000275d0922800 ConcurrentGCThread "G1 Young RemSet Sampling" [stack: 0x000000d7e1400000,0x000000d7e1500000] [id=9708]

Threads with active compile tasks:
C2 CompilerThread0   4084 3328   !   4       java.net.URL::<init> (543 bytes)
C2 CompilerThread1   4084 3361       4       org.springframework.core.annotation.AnnotationsScanner::getDeclaredAnnotations (166 bytes)

VM state:not at safepoint (normal execution)

VM Mutex/Monitor currently owned by a thread: None

Heap address: 0x0000000091000000, size: 1776 MB, Compressed Oops mode: 32-bit
Narrow klass base: 0x0000000000000000, Narrow klass shift: 3
Compressed class space size: 1073741824 Address: 0x0000000100000000

Heap:
 garbage-first heap   total 138240K, used 18670K [0x0000000091000000, 0x0000000100000000)
  region size 1024K, 13 young (13312K), 5 survivors (5120K)
 Metaspace       used 35895K, capacity 36952K, committed 37040K, reserved 1081344K
  class space    used 4170K, capacity 4590K, committed 4608K, reserved 1048576K
Heap Regions: E=young(eden), S=young(survivor), O=old, HS=humongous(starts), HC=humongous(continues), CS=collection set, F=free, A=archive, TAMS=top-at-mark-start (previous, next)
|   0|0x0000000091000000, 0x0000000091100000, 0x0000000091100000|100%| O|  |TAMS 0x0000000091100000, 0x0000000091000000| Untracked 
|   1|0x0000000091100000, 0x0000000091200000, 0x0000000091200000|100%| O|  |TAMS 0x0000000091200000, 0x0000000091100000| Untracked 
|   2|0x0000000091200000, 0x0000000091300000, 0x0000000091300000|100%| O|  |TAMS 0x0000000091300000, 0x0000000091200000| Untracked 
|   3|0x0000000091300000, 0x0000000091400000, 0x0000000091400000|100%| O|  |TAMS 0x0000000091400000, 0x0000000091300000| Untracked 
|   4|0x0000000091400000, 0x0000000091500000, 0x0000000091500000|100%| O|  |TAMS 0x0000000091500000, 0x0000000091400000| Untracked 
|   5|0x0000000091500000, 0x0000000091600000, 0x0000000091600000|100%| O|  |TAMS 0x0000000091600000, 0x0000000091500000| Untracked 
|   6|0x0000000091600000, 0x000000009165cc00, 0x0000000091700000| 36%| O|  |TAMS 0x000000009165cc00, 0x0000000091600000| Untracked 
|   7|0x0000000091700000, 0x0000000091700000, 0x0000000091800000|  0%| F|  |TAMS 0x0000000091700000, 0x0000000091700000| Untracked 
|   8|0x0000000091800000, 0x0000000091800000, 0x0000000091900000|  0%| F|  |TAMS 0x0000000091800000, 0x0000000091800000| Untracked 
|   9|0x0000000091900000, 0x0000000091900000, 0x0000000091a00000|  0%| F|  |TAMS 0x0000000091900000, 0x0000000091900000| Untracked 
|  10|0x0000000091a00000, 0x0000000091a00000, 0x0000000091b00000|  0%| F|  |TAMS 0x0000000091a00000, 0x0000000091a00000| Untracked 
|  11|0x0000000091b00000, 0x0000000091b00000, 0x0000000091c00000|  0%| F|  |TAMS 0x0000000091b00000, 0x0000000091b00000| Untracked 
|  12|0x0000000091c00000, 0x0000000091c00000, 0x0000000091d00000|  0%| F|  |TAMS 0x0000000091c00000, 0x0000000091c00000| Untracked 
|  13|0x0000000091d00000, 0x0000000091d00000, 0x0000000091e00000|  0%| F|  |TAMS 0x0000000091d00000, 0x0000000091d00000| Untracked 
|  14|0x0000000091e00000, 0x0000000091e00000, 0x0000000091f00000|  0%| F|  |TAMS 0x0000000091e00000, 0x0000000091e00000| Untracked 
|  15|0x0000000091f00000, 0x0000000091f00000, 0x0000000092000000|  0%| F|  |TAMS 0x0000000091f00000, 0x0000000091f00000| Untracked 
|  16|0x0000000092000000, 0x0000000092000000, 0x0000000092100000|  0%| F|  |TAMS 0x0000000092000000, 0x0000000092000000| Untracked 
|  17|0x0000000092100000, 0x0000000092100000, 0x0000000092200000|  0%| F|  |TAMS 0x0000000092100000, 0x0000000092100000| Untracked 
|  18|0x0000000092200000, 0x0000000092200000, 0x0000000092300000|  0%| F|  |TAMS 0x0000000092200000, 0x0000000092200000| Untracked 
|  19|0x0000000092300000, 0x0000000092300000, 0x0000000092400000|  0%| F|  |TAMS 0x0000000092300000, 0x0000000092300000| Untracked 
|  20|0x0000000092400000, 0x0000000092400000, 0x0000000092500000|  0%| F|  |TAMS 0x0000000092400000, 0x0000000092400000| Untracked 
|  21|0x0000000092500000, 0x0000000092500000, 0x0000000092600000|  0%| F|  |TAMS 0x0000000092500000, 0x0000000092500000| Untracked 
|  22|0x0000000092600000, 0x0000000092600000, 0x0000000092700000|  0%| F|  |TAMS 0x0000000092600000, 0x0000000092600000| Untracked 
|  23|0x0000000092700000, 0x0000000092700000, 0x0000000092800000|  0%| F|  |TAMS 0x0000000092700000, 0x0000000092700000| Untracked 
|  24|0x0000000092800000, 0x0000000092800000, 0x0000000092900000|  0%| F|  |TAMS 0x0000000092800000, 0x0000000092800000| Untracked 
|  25|0x0000000092900000, 0x0000000092900000, 0x0000000092a00000|  0%| F|  |TAMS 0x0000000092900000, 0x0000000092900000| Untracked 
|  26|0x0000000092a00000, 0x0000000092a00000, 0x0000000092b00000|  0%| F|  |TAMS 0x0000000092a00000, 0x0000000092a00000| Untracked 
|  27|0x0000000092b00000, 0x0000000092b00000, 0x0000000092c00000|  0%| F|  |TAMS 0x0000000092b00000, 0x0000000092b00000| Untracked 
|  28|0x0000000092c00000, 0x0000000092c00000, 0x0000000092d00000|  0%| F|  |TAMS 0x0000000092c00000, 0x0000000092c00000| Untracked 
|  29|0x0000000092d00000, 0x0000000092d00000, 0x0000000092e00000|  0%| F|  |TAMS 0x0000000092d00000, 0x0000000092d00000| Untracked 
|  30|0x0000000092e00000, 0x0000000092e00000, 0x0000000092f00000|  0%| F|  |TAMS 0x0000000092e00000, 0x0000000092e00000| Untracked 
|  31|0x0000000092f00000, 0x0000000092f00000, 0x0000000093000000|  0%| F|  |TAMS 0x0000000092f00000, 0x0000000092f00000| Untracked 
|  32|0x0000000093000000, 0x0000000093000000, 0x0000000093100000|  0%| F|  |TAMS 0x0000000093000000, 0x0000000093000000| Untracked 
|  33|0x0000000093100000, 0x0000000093100000, 0x0000000093200000|  0%| F|  |TAMS 0x0000000093100000, 0x0000000093100000| Untracked 
|  34|0x0000000093200000, 0x0000000093200000, 0x0000000093300000|  0%| F|  |TAMS 0x0000000093200000, 0x0000000093200000| Untracked 
|  35|0x0000000093300000, 0x0000000093300000, 0x0000000093400000|  0%| F|  |TAMS 0x0000000093300000, 0x0000000093300000| Untracked 
|  36|0x0000000093400000, 0x0000000093400000, 0x0000000093500000|  0%| F|  |TAMS 0x0000000093400000, 0x0000000093400000| Untracked 
|  37|0x0000000093500000, 0x0000000093500000, 0x0000000093600000|  0%| F|  |TAMS 0x0000000093500000, 0x0000000093500000| Untracked 
|  38|0x0000000093600000, 0x0000000093600000, 0x0000000093700000|  0%| F|  |TAMS 0x0000000093600000, 0x0000000093600000| Untracked 
|  39|0x0000000093700000, 0x0000000093700000, 0x0000000093800000|  0%| F|  |TAMS 0x0000000093700000, 0x0000000093700000| Untracked 
|  40|0x0000000093800000, 0x0000000093800000, 0x0000000093900000|  0%| F|  |TAMS 0x0000000093800000, 0x0000000093800000| Untracked 
|  41|0x0000000093900000, 0x0000000093900000, 0x0000000093a00000|  0%| F|  |TAMS 0x0000000093900000, 0x0000000093900000| Untracked 
|  42|0x0000000093a00000, 0x0000000093a00000, 0x0000000093b00000|  0%| F|  |TAMS 0x0000000093a00000, 0x0000000093a00000| Untracked 
|  43|0x0000000093b00000, 0x0000000093b00000, 0x0000000093c00000|  0%| F|  |TAMS 0x0000000093b00000, 0x0000000093b00000| Untracked 
|  44|0x0000000093c00000, 0x0000000093c00000, 0x0000000093d00000|  0%| F|  |TAMS 0x0000000093c00000, 0x0000000093c00000| Untracked 
|  45|0x0000000093d00000, 0x0000000093d00000, 0x0000000093e00000|  0%| F|  |TAMS 0x0000000093d00000, 0x0000000093d00000| Untracked 
|  46|0x0000000093e00000, 0x0000000093e00000, 0x0000000093f00000|  0%| F|  |TAMS 0x0000000093e00000, 0x0000000093e00000| Untracked 
|  47|0x0000000093f00000, 0x0000000093f00000, 0x0000000094000000|  0%| F|  |TAMS 0x0000000093f00000, 0x0000000093f00000| Untracked 
|  48|0x0000000094000000, 0x0000000094000000, 0x0000000094100000|  0%| F|  |TAMS 0x0000000094000000, 0x0000000094000000| Untracked 
|  49|0x0000000094100000, 0x0000000094100000, 0x0000000094200000|  0%| F|  |TAMS 0x0000000094100000, 0x0000000094100000| Untracked 
|  50|0x0000000094200000, 0x0000000094200000, 0x0000000094300000|  0%| F|  |TAMS 0x0000000094200000, 0x0000000094200000| Untracked 
|  51|0x0000000094300000, 0x0000000094300000, 0x0000000094400000|  0%| F|  |TAMS 0x0000000094300000, 0x0000000094300000| Untracked 
|  52|0x0000000094400000, 0x0000000094400000, 0x0000000094500000|  0%| F|  |TAMS 0x0000000094400000, 0x0000000094400000| Untracked 
|  53|0x0000000094500000, 0x0000000094500000, 0x0000000094600000|  0%| F|  |TAMS 0x0000000094500000, 0x0000000094500000| Untracked 
|  54|0x0000000094600000, 0x0000000094600000, 0x0000000094700000|  0%| F|  |TAMS 0x0000000094600000, 0x0000000094600000| Untracked 
|  55|0x0000000094700000, 0x0000000094700000, 0x0000000094800000|  0%| F|  |TAMS 0x0000000094700000, 0x0000000094700000| Untracked 
|  56|0x0000000094800000, 0x0000000094800000, 0x0000000094900000|  0%| F|  |TAMS 0x0000000094800000, 0x0000000094800000| Untracked 
|  57|0x0000000094900000, 0x0000000094900000, 0x0000000094a00000|  0%| F|  |TAMS 0x0000000094900000, 0x0000000094900000| Untracked 
|  58|0x0000000094a00000, 0x0000000094a00000, 0x0000000094b00000|  0%| F|  |TAMS 0x0000000094a00000, 0x0000000094a00000| Untracked 
|  59|0x0000000094b00000, 0x0000000094b00000, 0x0000000094c00000|  0%| F|  |TAMS 0x0000000094b00000, 0x0000000094b00000| Untracked 
|  60|0x0000000094c00000, 0x0000000094c00000, 0x0000000094d00000|  0%| F|  |TAMS 0x0000000094c00000, 0x0000000094c00000| Untracked 
|  61|0x0000000094d00000, 0x0000000094d00000, 0x0000000094e00000|  0%| F|  |TAMS 0x0000000094d00000, 0x0000000094d00000| Untracked 
|  62|0x0000000094e00000, 0x0000000094e00000, 0x0000000094f00000|  0%| F|  |TAMS 0x0000000094e00000, 0x0000000094e00000| Untracked 
|  63|0x0000000094f00000, 0x0000000094f00000, 0x0000000095000000|  0%| F|  |TAMS 0x0000000094f00000, 0x0000000094f00000| Untracked 
|  64|0x0000000095000000, 0x0000000095000000, 0x0000000095100000|  0%| F|  |TAMS 0x0000000095000000, 0x0000000095000000| Untracked 
|  65|0x0000000095100000, 0x0000000095100000, 0x0000000095200000|  0%| F|  |TAMS 0x0000000095100000, 0x0000000095100000| Untracked 
|  66|0x0000000095200000, 0x0000000095200000, 0x0000000095300000|  0%| F|  |TAMS 0x0000000095200000, 0x0000000095200000| Untracked 
|  67|0x0000000095300000, 0x0000000095300000, 0x0000000095400000|  0%| F|  |TAMS 0x0000000095300000, 0x0000000095300000| Untracked 
|  68|0x0000000095400000, 0x0000000095400000, 0x0000000095500000|  0%| F|  |TAMS 0x0000000095400000, 0x0000000095400000| Untracked 
|  69|0x0000000095500000, 0x0000000095500000, 0x0000000095600000|  0%| F|  |TAMS 0x0000000095500000, 0x0000000095500000| Untracked 
|  70|0x0000000095600000, 0x0000000095600000, 0x0000000095700000|  0%| F|  |TAMS 0x0000000095600000, 0x0000000095600000| Untracked 
|  71|0x0000000095700000, 0x0000000095700000, 0x0000000095800000|  0%| F|  |TAMS 0x0000000095700000, 0x0000000095700000| Untracked 
|  72|0x0000000095800000, 0x0000000095800000, 0x0000000095900000|  0%| F|  |TAMS 0x0000000095800000, 0x0000000095800000| Untracked 
|  73|0x0000000095900000, 0x0000000095900000, 0x0000000095a00000|  0%| F|  |TAMS 0x0000000095900000, 0x0000000095900000| Untracked 
|  74|0x0000000095a00000, 0x0000000095a00000, 0x0000000095b00000|  0%| F|  |TAMS 0x0000000095a00000, 0x0000000095a00000| Untracked 
|  75|0x0000000095b00000, 0x0000000095b00000, 0x0000000095c00000|  0%| F|  |TAMS 0x0000000095b00000, 0x0000000095b00000| Untracked 
|  76|0x0000000095c00000, 0x0000000095c00000, 0x0000000095d00000|  0%| F|  |TAMS 0x0000000095c00000, 0x0000000095c00000| Untracked 
|  77|0x0000000095d00000, 0x0000000095d00000, 0x0000000095e00000|  0%| F|  |TAMS 0x0000000095d00000, 0x0000000095d00000| Untracked 
|  78|0x0000000095e00000, 0x0000000095e00000, 0x0000000095f00000|  0%| F|  |TAMS 0x0000000095e00000, 0x0000000095e00000| Untracked 
|  79|0x0000000095f00000, 0x0000000095f00000, 0x0000000096000000|  0%| F|  |TAMS 0x0000000095f00000, 0x0000000095f00000| Untracked 
|  80|0x0000000096000000, 0x0000000096000000, 0x0000000096100000|  0%| F|  |TAMS 0x0000000096000000, 0x0000000096000000| Untracked 
|  81|0x0000000096100000, 0x0000000096100000, 0x0000000096200000|  0%| F|  |TAMS 0x0000000096100000, 0x0000000096100000| Untracked 
|  82|0x0000000096200000, 0x0000000096200000, 0x0000000096300000|  0%| F|  |TAMS 0x0000000096200000, 0x0000000096200000| Untracked 
|  83|0x0000000096300000, 0x0000000096300000, 0x0000000096400000|  0%| F|  |TAMS 0x0000000096300000, 0x0000000096300000| Untracked 
|  84|0x0000000096400000, 0x0000000096400000, 0x0000000096500000|  0%| F|  |TAMS 0x0000000096400000, 0x0000000096400000| Untracked 
|  85|0x0000000096500000, 0x0000000096500000, 0x0000000096600000|  0%| F|  |TAMS 0x0000000096500000, 0x0000000096500000| Untracked 
|  86|0x0000000096600000, 0x0000000096600000, 0x0000000096700000|  0%| F|  |TAMS 0x0000000096600000, 0x0000000096600000| Untracked 
|  87|0x0000000096700000, 0x0000000096700000, 0x0000000096800000|  0%| F|  |TAMS 0x0000000096700000, 0x0000000096700000| Untracked 
|  88|0x0000000096800000, 0x0000000096800000, 0x0000000096900000|  0%| F|  |TAMS 0x0000000096800000, 0x0000000096800000| Untracked 
|  89|0x0000000096900000, 0x0000000096900000, 0x0000000096a00000|  0%| F|  |TAMS 0x0000000096900000, 0x0000000096900000| Untracked 
|  90|0x0000000096a00000, 0x0000000096a00000, 0x0000000096b00000|  0%| F|  |TAMS 0x0000000096a00000, 0x0000000096a00000| Untracked 
|  91|0x0000000096b00000, 0x0000000096b00000, 0x0000000096c00000|  0%| F|  |TAMS 0x0000000096b00000, 0x0000000096b00000| Untracked 
|  92|0x0000000096c00000, 0x0000000096c00000, 0x0000000096d00000|  0%| F|  |TAMS 0x0000000096c00000, 0x0000000096c00000| Untracked 
|  93|0x0000000096d00000, 0x0000000096d00000, 0x0000000096e00000|  0%| F|  |TAMS 0x0000000096d00000, 0x0000000096d00000| Untracked 
|  94|0x0000000096e00000, 0x0000000096e00000, 0x0000000096f00000|  0%| F|  |TAMS 0x0000000096e00000, 0x0000000096e00000| Untracked 
|  95|0x0000000096f00000, 0x0000000096f00000, 0x0000000097000000|  0%| F|  |TAMS 0x0000000096f00000, 0x0000000096f00000| Untracked 
|  96|0x0000000097000000, 0x0000000097000000, 0x0000000097100000|  0%| F|  |TAMS 0x0000000097000000, 0x0000000097000000| Untracked 
|  97|0x0000000097100000, 0x0000000097100000, 0x0000000097200000|  0%| F|  |TAMS 0x0000000097100000, 0x0000000097100000| Untracked 
|  98|0x0000000097200000, 0x0000000097200000, 0x0000000097300000|  0%| F|  |TAMS 0x0000000097200000, 0x0000000097200000| Untracked 
|  99|0x0000000097300000, 0x0000000097300000, 0x0000000097400000|  0%| F|  |TAMS 0x0000000097300000, 0x0000000097300000| Untracked 
| 100|0x0000000097400000, 0x0000000097400000, 0x0000000097500000|  0%| F|  |TAMS 0x0000000097400000, 0x0000000097400000| Untracked 
| 101|0x0000000097500000, 0x00000000975def60, 0x0000000097600000| 87%| S|CS|TAMS 0x0000000097500000, 0x0000000097500000| Complete 
| 102|0x0000000097600000, 0x0000000097700000, 0x0000000097700000|100%| S|CS|TAMS 0x0000000097600000, 0x0000000097600000| Complete 
| 103|0x0000000097700000, 0x0000000097800000, 0x0000000097800000|100%| S|CS|TAMS 0x0000000097700000, 0x0000000097700000| Complete 
| 104|0x0000000097800000, 0x0000000097900000, 0x0000000097900000|100%| S|CS|TAMS 0x0000000097800000, 0x0000000097800000| Complete 
| 105|0x0000000097900000, 0x0000000097a00000, 0x0000000097a00000|100%| S|CS|TAMS 0x0000000097900000, 0x0000000097900000| Complete 
| 106|0x0000000097a00000, 0x0000000097a00000, 0x0000000097b00000|  0%| F|  |TAMS 0x0000000097a00000, 0x0000000097a00000| Untracked 
| 107|0x0000000097b00000, 0x0000000097b00000, 0x0000000097c00000|  0%| F|  |TAMS 0x0000000097b00000, 0x0000000097b00000| Untracked 
| 108|0x0000000097c00000, 0x0000000097c00000, 0x0000000097d00000|  0%| F|  |TAMS 0x0000000097c00000, 0x0000000097c00000| Untracked 
| 109|0x0000000097d00000, 0x0000000097d00000, 0x0000000097e00000|  0%| F|  |TAMS 0x0000000097d00000, 0x0000000097d00000| Untracked 
| 110|0x0000000097e00000, 0x0000000097e00000, 0x0000000097f00000|  0%| F|  |TAMS 0x0000000097e00000, 0x0000000097e00000| Untracked 
| 111|0x0000000097f00000, 0x0000000097f00000, 0x0000000098000000|  0%| F|  |TAMS 0x0000000097f00000, 0x0000000097f00000| Untracked 
| 112|0x0000000098000000, 0x0000000098000000, 0x0000000098100000|  0%| F|  |TAMS 0x0000000098000000, 0x0000000098000000| Untracked 
| 113|0x0000000098100000, 0x0000000098100000, 0x0000000098200000|  0%| F|  |TAMS 0x0000000098100000, 0x0000000098100000| Untracked 
| 114|0x0000000098200000, 0x0000000098200000, 0x0000000098300000|  0%| F|  |TAMS 0x0000000098200000, 0x0000000098200000| Untracked 
| 115|0x0000000098300000, 0x0000000098300000, 0x0000000098400000|  0%| F|  |TAMS 0x0000000098300000, 0x0000000098300000| Untracked 
| 116|0x0000000098400000, 0x0000000098400000, 0x0000000098500000|  0%| F|  |TAMS 0x0000000098400000, 0x0000000098400000| Untracked 
| 117|0x0000000098500000, 0x0000000098500000, 0x0000000098600000|  0%| F|  |TAMS 0x0000000098500000, 0x0000000098500000| Untracked 
| 118|0x0000000098600000, 0x0000000098600000, 0x0000000098700000|  0%| F|  |TAMS 0x0000000098600000, 0x0000000098600000| Untracked 
| 119|0x0000000098700000, 0x0000000098700000, 0x0000000098800000|  0%| F|  |TAMS 0x0000000098700000, 0x0000000098700000| Untracked 
| 120|0x0000000098800000, 0x0000000098800000, 0x0000000098900000|  0%| F|  |TAMS 0x0000000098800000, 0x0000000098800000| Untracked 
| 121|0x0000000098900000, 0x0000000098900000, 0x0000000098a00000|  0%| F|  |TAMS 0x0000000098900000, 0x0000000098900000| Untracked 
| 122|0x0000000098a00000, 0x0000000098a00000, 0x0000000098b00000|  0%| F|  |TAMS 0x0000000098a00000, 0x0000000098a00000| Untracked 
| 123|0x0000000098b00000, 0x0000000098b00000, 0x0000000098c00000|  0%| F|  |TAMS 0x0000000098b00000, 0x0000000098b00000| Untracked 
| 124|0x0000000098c00000, 0x0000000098c00000, 0x0000000098d00000|  0%| F|  |TAMS 0x0000000098c00000, 0x0000000098c00000| Untracked 
| 125|0x0000000098d00000, 0x0000000098d00000, 0x0000000098e00000|  0%| F|  |TAMS 0x0000000098d00000, 0x0000000098d00000| Untracked 
| 126|0x0000000098e00000, 0x0000000098e00000, 0x0000000098f00000|  0%| F|  |TAMS 0x0000000098e00000, 0x0000000098e00000| Untracked 
| 127|0x0000000098f00000, 0x0000000099000000, 0x0000000099000000|100%| E|  |TAMS 0x0000000098f00000, 0x0000000098f00000| Complete 
| 128|0x0000000099000000, 0x0000000099100000, 0x0000000099100000|100%| E|CS|TAMS 0x0000000099000000, 0x0000000099000000| Complete 
| 129|0x0000000099100000, 0x0000000099200000, 0x0000000099200000|100%| E|CS|TAMS 0x0000000099100000, 0x0000000099100000| Complete 
| 130|0x0000000099200000, 0x0000000099300000, 0x0000000099300000|100%| E|CS|TAMS 0x0000000099200000, 0x0000000099200000| Complete 
| 131|0x0000000099300000, 0x0000000099400000, 0x0000000099400000|100%| E|CS|TAMS 0x0000000099300000, 0x0000000099300000| Complete 
| 132|0x0000000099400000, 0x0000000099500000, 0x0000000099500000|100%| E|CS|TAMS 0x0000000099400000, 0x0000000099400000| Complete 
| 133|0x0000000099500000, 0x0000000099600000, 0x0000000099600000|100%| E|CS|TAMS 0x0000000099500000, 0x0000000099500000| Complete 
| 134|0x0000000099600000, 0x0000000099700000, 0x0000000099700000|100%| E|CS|TAMS 0x0000000099600000, 0x0000000099600000| Complete 

Card table byte_map: [0x00000275e8d60000,0x00000275e90e0000] _byte_map_base: 0x00000275e88d8000

Marking Bits (Prev, Next): (CMBitMap*) 0x00000275d0887c18, (CMBitMap*) 0x00000275d0887c50
 Prev Bits: [0x00000275e9460000, 0x00000275eb020000)
 Next Bits: [0x00000275eb020000, 0x00000275ecbe0000)

Polling page: 0x00000275d0930000

Metaspace:

Usage:
  Non-class:     31.60 MB capacity,    30.98 MB ( 98%) used,   510.35 KB (  2%) free+waste,   126.63 KB ( <1%) overhead. 
      Class:      4.48 MB capacity,     4.07 MB ( 91%) used,   358.58 KB (  8%) free+waste,    60.75 KB (  1%) overhead. 
       Both:     36.09 MB capacity,    35.05 MB ( 97%) used,   868.93 KB (  2%) free+waste,   187.38 KB ( <1%) overhead. 

Virtual space:
  Non-class space:       32.00 MB reserved,      31.67 MB ( 99%) committed 
      Class space:        1.00 GB reserved,       4.50 MB ( <1%) committed 
             Both:        1.03 GB reserved,      36.17 MB (  3%) committed 

Chunk freelists:
   Non-Class:  6.00 KB
       Class:  0 bytes
        Both:  6.00 KB

MaxMetaspaceSize: 17179869184.00 GB
CompressedClassSpaceSize: 1.00 GB

CodeHeap 'non-profiled nmethods': size=120000Kb used=1654Kb max_used=1654Kb free=118346Kb
 bounds [0x00000275e0a30000, 0x00000275e0ca0000, 0x00000275e7f60000]
CodeHeap 'profiled nmethods': size=120000Kb used=7312Kb max_used=7312Kb free=112687Kb
 bounds [0x00000275d9500000, 0x00000275d9c30000, 0x00000275e0a30000]
CodeHeap 'non-nmethods': size=5760Kb used=1137Kb max_used=1177Kb free=4622Kb
 bounds [0x00000275d8f60000, 0x00000275d91d0000, 0x00000275d9500000]
 total_blobs=3835 nmethods=3366 adapters=380
 compilation: enabled
              stopped_count=0, restarted_count=0
 full_count=0

Compilation events (20 events):
Event: 3.916 Thread 0x00000275ef6ca800 3389       1       org.springframework.boot.autoconfigure.condition.ConditionEvaluationReport$ConditionAndOutcome::getOutcome (5 bytes)
Event: 3.916 Thread 0x00000275ef6ca800 nmethod 3389 0x00000275e0bc2690 code [0x00000275e0bc2840, 0x00000275e0bc28f8]
Event: 3.916 Thread 0x00000275ef6ca800 3390       3       java.util.TreeMap::forEach (58 bytes)
Event: 3.917 Thread 0x00000275ef6ca800 nmethod 3390 0x00000275d9c1f290 code [0x00000275d9c1f4c0, 0x00000275d9c1fb38]
Event: 3.920 Thread 0x00000275ef6ca800 3391   !   3       org.springframework.util.ConcurrentReferenceHashMap$Segment::clear (69 bytes)
Event: 3.920 Thread 0x00000275ef6ca800 nmethod 3391 0x00000275d9c1fe10 code [0x00000275d9c20080, 0x00000275d9c20a98]
Event: 3.923 Thread 0x00000275ef6ca800 3392       3       jdk.internal.math.FDBigInteger::mult (64 bytes)
Event: 3.923 Thread 0x00000275ef6ca800 nmethod 3392 0x00000275d9c20e90 code [0x00000275d9c21060, 0x00000275d9c21298]
Event: 3.923 Thread 0x00000275ef6ca800 3393       3       jdk.internal.math.FDBigInteger::<init> (30 bytes)
Event: 3.924 Thread 0x00000275ef6ca800 nmethod 3393 0x00000275d9c21490 code [0x00000275d9c21660, 0x00000275d9c21868]
Event: 3.924 Thread 0x00000275ef6ca800 3394       3       jdk.internal.math.FDBigInteger::trimLeadingZeros (57 bytes)
Event: 3.924 Thread 0x00000275ef6ca800 nmethod 3394 0x00000275d9c21990 code [0x00000275d9c21b60, 0x00000275d9c21e58]
Event: 3.925 Thread 0x00000275ef6ca800 3395       3       sun.reflect.generics.reflectiveObjects.ParameterizedTypeImpl::getRawType (5 bytes)
Event: 3.925 Thread 0x00000275ef6ca800 nmethod 3395 0x00000275d9c21f90 code [0x00000275d9c22140, 0x00000275d9c22258]
Event: 3.925 Thread 0x00000275ef6ca800 3396       3       org.springframework.core.ResolvableType::isAssignableFrom (7 bytes)
Event: 3.925 Thread 0x00000275ef6ca800 nmethod 3396 0x00000275d9c22310 code [0x00000275d9c224c0, 0x00000275d9c22608]
Event: 3.925 Thread 0x00000275ef6ca800 3397       3       org.springframework.core.ResolvableType::isAssignableFrom (10 bytes)
Event: 3.925 Thread 0x00000275ef6ca800 nmethod 3397 0x00000275d9c22690 code [0x00000275d9c22860, 0x00000275d9c22a98]
Event: 3.927 Thread 0x00000275ef6ca800 3398   !   3       org.springframework.core.ResolvableType::getSuperType (53 bytes)
Event: 3.928 Thread 0x00000275ef6ca800 nmethod 3398 0x00000275d9c22b90 code [0x00000275d9c22e40, 0x00000275d9c23d78]

GC Heap History (10 events):
Event: 1.004 GC heap before
{Heap before GC invocations=0 (full 0):
 garbage-first heap   total 114688K, used 24576K [0x0000000091000000, 0x0000000100000000)
  region size 1024K, 24 young (24576K), 0 survivors (0K)
 Metaspace       used 14918K, capacity 15255K, committed 15488K, reserved 1062912K
  class space    used 1531K, capacity 1646K, committed 1664K, reserved 1048576K
}
Event: 1.014 GC heap after
{Heap after GC invocations=1 (full 0):
 garbage-first heap   total 114688K, used 4519K [0x0000000091000000, 0x0000000100000000)
  region size 1024K, 3 young (3072K), 3 survivors (3072K)
 Metaspace       used 14918K, capacity 15255K, committed 15488K, reserved 1062912K
  class space    used 1531K, capacity 1646K, committed 1664K, reserved 1048576K
}
Event: 1.484 GC heap before
{Heap before GC invocations=1 (full 0):
 garbage-first heap   total 114688K, used 26023K [0x0000000091000000, 0x0000000100000000)
  region size 1024K, 26 young (26624K), 3 survivors (3072K)
 Metaspace       used 20630K, capacity 21138K, committed 21296K, reserved 1069056K
  class space    used 2213K, capacity 2402K, committed 2432K, reserved 1048576K
}
Event: 1.491 GC heap after
{Heap after GC invocations=2 (full 0):
 garbage-first heap   total 114688K, used 6054K [0x0000000091000000, 0x0000000100000000)
  region size 1024K, 5 young (5120K), 5 survivors (5120K)
 Metaspace       used 20630K, capacity 21138K, committed 21296K, reserved 1069056K
  class space    used 2213K, capacity 2402K, committed 2432K, reserved 1048576K
}
Event: 1.915 GC heap before
{Heap before GC invocations=3 (full 0):
 garbage-first heap   total 114688K, used 26534K [0x0000000091000000, 0x0000000100000000)
  region size 1024K, 25 young (25600K), 5 survivors (5120K)
 Metaspace       used 24504K, capacity 25185K, committed 25264K, reserved 1071104K
  class space    used 2748K, capacity 3008K, committed 3072K, reserved 1048576K
}
Event: 1.925 GC heap after
{Heap after GC invocations=4 (full 0):
 garbage-first heap   total 114688K, used 7222K [0x0000000091000000, 0x0000000100000000)
  region size 1024K, 3 young (3072K), 3 survivors (3072K)
 Metaspace       used 24504K, capacity 25185K, committed 25264K, reserved 1071104K
  class space    used 2748K, capacity 3008K, committed 3072K, reserved 1048576K
}
Event: 3.593 GC heap before
{Heap before GC invocations=4 (full 0):
 garbage-first heap   total 114688K, used 59446K [0x0000000091000000, 0x0000000100000000)
  region size 1024K, 54 young (55296K), 3 survivors (3072K)
 Metaspace       used 33554K, capacity 34515K, committed 34736K, reserved 1079296K
  class space    used 3856K, capacity 4227K, committed 4352K, reserved 1048576K
}
Event: 3.603 GC heap after
{Heap after GC invocations=5 (full 0):
 garbage-first heap   total 114688K, used 10642K [0x0000000091000000, 0x0000000100000000)
  region size 1024K, 7 young (7168K), 7 survivors (7168K)
 Metaspace       used 33554K, capacity 34515K, committed 34736K, reserved 1079296K
  class space    used 3856K, capacity 4227K, committed 4352K, reserved 1048576K
}
Event: 3.721 GC heap before
{Heap before GC invocations=5 (full 0):
 garbage-first heap   total 114688K, used 15762K [0x0000000091000000, 0x0000000100000000)
  region size 1024K, 13 young (13312K), 7 survivors (7168K)
 Metaspace       used 34519K, capacity 35503K, committed 35632K, reserved 1081344K
  class space    used 3991K, capacity 4383K, committed 4480K, reserved 1048576K
}
Event: 3.733 GC heap after
{Heap after GC invocations=6 (full 0):
 garbage-first heap   total 138240K, used 11502K [0x0000000091000000, 0x0000000100000000)
  region size 1024K, 5 young (5120K), 5 survivors (5120K)
 Metaspace       used 34519K, capacity 35503K, committed 35632K, reserved 1081344K
  class space    used 3991K, capacity 4383K, committed 4480K, reserved 1048576K
}

Deoptimization events (20 events):
Event: 3.771 Thread 0x00000275d084b800 DEOPT PACKING pc=0x00000275e0bb0960 sp=0x000000d7e0ffd580
Event: 3.771 Thread 0x00000275d084b800 DEOPT UNPACKING pc=0x00000275d8f874af sp=0x000000d7e0ffd530 mode 2
Event: 3.776 Thread 0x00000275d084b800 DEOPT PACKING pc=0x00000275d98a3269 sp=0x000000d7e0ffd670
Event: 3.776 Thread 0x00000275d084b800 DEOPT UNPACKING pc=0x00000275d8f872ce sp=0x000000d7e0ffcb48 mode 0
Event: 3.796 Thread 0x00000275d084b800 Uncommon trap: trap_request=0xffffff4d fr.pc=0x00000275e0ba8064 relative=0x0000000000003b04
Event: 3.796 Thread 0x00000275d084b800 Uncommon trap: reason=unstable_if action=reinterpret pc=0x00000275e0ba8064 method=org.springframework.beans.factory.support.AbstractBeanFactory.isTypeMatch(Ljava/lang/String;Lorg/springframework/core/ResolvableType;Z)Z @ 34 c2
Event: 3.796 Thread 0x00000275d084b800 DEOPT PACKING pc=0x00000275e0ba8064 sp=0x000000d7e0ffe250
Event: 3.796 Thread 0x00000275d084b800 DEOPT UNPACKING pc=0x00000275d8f874af sp=0x000000d7e0ffe280 mode 2
Event: 3.818 Thread 0x00000275d084b800 Uncommon trap: trap_request=0xffffff4d fr.pc=0x00000275e0ae3f24 relative=0x00000000000008e4
Event: 3.818 Thread 0x00000275d084b800 Uncommon trap: reason=unstable_if action=reinterpret pc=0x00000275e0ae3f24 method=java.net.URL.isBuiltinStreamHandler(Ljava/net/URLStreamHandler;)Z @ 13 c2
Event: 3.818 Thread 0x00000275d084b800 DEOPT PACKING pc=0x00000275e0ae3f24 sp=0x000000d7e0ffd0b0
Event: 3.818 Thread 0x00000275d084b800 DEOPT UNPACKING pc=0x00000275d8f874af sp=0x000000d7e0ffcfc8 mode 2
Event: 3.850 Thread 0x00000275d084b800 Uncommon trap: trap_request=0xffffff4d fr.pc=0x00000275e0b8a1b4 relative=0x0000000000000914
Event: 3.850 Thread 0x00000275d084b800 Uncommon trap: reason=unstable_if action=reinterpret pc=0x00000275e0b8a1b4 method=org.springframework.beans.factory.support.DefaultSingletonBeanRegistry.getSingleton(Ljava/lang/String;Z)Ljava/lang/Object; @ 39 c2
Event: 3.850 Thread 0x00000275d084b800 DEOPT PACKING pc=0x00000275e0b8a1b4 sp=0x000000d7e0ffe370
Event: 3.850 Thread 0x00000275d084b800 DEOPT UNPACKING pc=0x00000275d8f874af sp=0x000000d7e0ffe2f8 mode 2
Event: 3.918 Thread 0x00000275d084b800 Uncommon trap: trap_request=0xffffff4d fr.pc=0x00000275e0aac6fc relative=0x000000000000005c
Event: 3.918 Thread 0x00000275d084b800 Uncommon trap: reason=unstable_if action=reinterpret pc=0x00000275e0aac6fc method=org.springframework.util.ConcurrentReferenceHashMap$Segment.clear()V @ 7 c2
Event: 3.918 Thread 0x00000275d084b800 DEOPT PACKING pc=0x00000275e0aac6fc sp=0x000000d7e0ffef00
Event: 3.918 Thread 0x00000275d084b800 DEOPT UNPACKING pc=0x00000275d8f874af sp=0x000000d7e0ffee90 mode 2

Classes redefined (0 events):
No events

Internal exceptions (20 events):
Event: 3.370 Thread 0x00000275d084b800 Exception <a 'java/lang/NoSuchMethodError'{0x0000000095103028}: 'int java.lang.invoke.DirectMethodHandle$Holder.invokeInterface(java.lang.Object, java.lang.Object, java.lang.Object, java.lang.Object)'> (0x0000000095103028) thrown at [./src/hotspot/share/interpreter/linkResolver.cpp, line 773]
Event: 3.430 Thread 0x00000275d084b800 Exception <a 'java/io/FileNotFoundException'{0x0000000094f24c40}> (0x0000000094f24c40) thrown at [./src/hotspot/share/prims/jni.cpp, line 615]
Event: 3.513 Thread 0x00000275d084b800 Exception <a 'java/lang/ClassNotFoundException'{0x0000000094c0b338}: java/lang/ObjectCustomizer> (0x0000000094c0b338) thrown at [./src/hotspot/share/classfile/systemDictionary.cpp, line 231]
Event: 3.513 Thread 0x00000275d084b800 Exception <a 'java/lang/ClassNotFoundException'{0x0000000094c15b70}: org/springframework/web/servlet/config/annotation/WebMvcConfigurationSupportCustomizer> (0x0000000094c15b70) thrown at [./src/hotspot/share/classfile/systemDictionary.cpp, line 231]
Event: 3.514 Thread 0x00000275d084b800 Exception <a 'java/lang/ClassNotFoundException'{0x0000000094c2c830}: org/springframework/web/servlet/config/annotation/DelegatingWebMvcConfigurationCustomizer> (0x0000000094c2c830) thrown at [./src/hotspot/share/classfile/systemDictionary.cpp, line 231]
Event: 3.515 Thread 0x00000275d084b800 Exception <a 'java/lang/ClassNotFoundException'{0x0000000094c39a00}: org/springframework/boot/autoconfigure/web/servlet/WebMvcAutoConfiguration$EnableWebMvcConfigurationCustomizer> (0x0000000094c39a00) thrown at [./src/hotspot/share/classfile/systemDictionary.cpp, line 231]
Event: 3.517 Thread 0x00000275d084b800 Exception <a 'java/lang/ClassNotFoundException'{0x0000000094c4feb8}: org/springframework/context/ResourceLoaderAwareCustomizer> (0x0000000094c4feb8) thrown at [./src/hotspot/share/classfile/systemDictionary.cpp, line 231]
Event: 3.517 Thread 0x00000275d084b800 Exception <a 'java/lang/ClassNotFoundException'{0x0000000094c56778}: org/springframework/beans/factory/AwareCustomizer> (0x0000000094c56778) thrown at [./src/hotspot/share/classfile/systemDictionary.cpp, line 231]
Event: 3.518 Thread 0x00000275d084b800 Exception <a 'java/lang/ClassNotFoundException'{0x0000000094c5cc98}: org/springframework/context/ApplicationContextAwareCustomizer> (0x0000000094c5cc98) thrown at [./src/hotspot/share/classfile/systemDictionary.cpp, line 231]
Event: 3.518 Thread 0x00000275d084b800 Exception <a 'java/lang/ClassNotFoundException'{0x0000000094c63ef8}: org/springframework/beans/factory/AwareCustomizer> (0x0000000094c63ef8) thrown at [./src/hotspot/share/classfile/systemDictionary.cpp, line 231]
Event: 3.519 Thread 0x00000275d084b800 Exception <a 'java/lang/ClassNotFoundException'{0x0000000094c6a3f0}: org/springframework/web/context/ServletContextAwareCustomizer> (0x0000000094c6a3f0) thrown at [./src/hotspot/share/classfile/systemDictionary.cpp, line 231]
Event: 3.519 Thread 0x00000275d084b800 Exception <a 'java/lang/ClassNotFoundException'{0x0000000094c71118}: org/springframework/beans/factory/AwareCustomizer> (0x0000000094c71118) thrown at [./src/hotspot/share/classfile/systemDictionary.cpp, line 231]
Event: 3.644 Thread 0x00000275d084b800 Exception <a 'java/lang/NoSuchMethodError'{0x0000000097d03668}: 'void java.lang.invoke.DirectMethodHandle$Holder.invokeVirtual(java.lang.Object, java.lang.Object, int)'> (0x0000000097d03668) thrown at [./src/hotspot/share/interpreter/linkResolver.cpp, line 773]
Event: 3.646 Thread 0x00000275d084b800 Exception <a 'java/lang/NoSuchMethodError'{0x0000000097d1d500}: 'void java.lang.invoke.DirectMethodHandle$Holder.invokeVirtual(java.lang.Object, java.lang.Object, long)'> (0x0000000097d1d500) thrown at [./src/hotspot/share/interpreter/linkResolver.cpp, line 773]
Event: 3.801 Thread 0x00000275d084b800 Exception <a 'java/lang/IncompatibleClassChangeError'{0x0000000099481820}: Found class java.lang.Object, but interface was expected> (0x0000000099481820) thrown at [./src/hotspot/share/interpreter/linkResolver.cpp, line 839]
Event: 3.845 Thread 0x00000275d084b800 Exception <a 'java/lang/NoSuchMethodError'{0x000000009920e078}: 'int java.lang.invoke.DirectMethodHandle$Holder.invokeStaticInit(java.lang.Object, java.lang.Object, java.lang.Object, java.lang.Object)'> (0x000000009920e078) thrown at [./src/hotspot/share/interpreter/linkResolver.cpp, line 773]
Event: 3.884 Thread 0x00000275d084b800 Exception <a 'java/lang/NoSuchMethodError'{0x000000009916e288}: 'java.lang.Object java.lang.invoke.DirectMethodHandle$Holder.invokeSpecial(java.lang.Object, java.lang.Object, int, java.lang.Object, int, java.lang.Object)'> (0x000000009916e288) thrown at [./src/hotspot/share/interpreter/linkResolver.cpp, line 773]
Event: 3.884 Thread 0x00000275d084b800 Exception <a 'java/lang/NoSuchMethodError'{0x0000000099175770}: 'java.lang.Object java.lang.invoke.DirectMethodHandle$Holder.invokeStatic(java.lang.Object, java.lang.Object, int, java.lang.Object, int)'> (0x0000000099175770) thrown at [./src/hotspot/share/interpreter/linkResolver.cpp, line 773]
Event: 3.885 Thread 0x00000275d084b800 Exception <a 'java/lang/NoSuchMethodError'{0x0000000099178f50}: 'java.lang.Object java.lang.invoke.DirectMethodHandle$Holder.invokeSpecial(java.lang.Object, java.lang.Object, java.lang.Object, int, java.lang.Object, int)'> (0x0000000099178f50) thrown at [./src/hotspot/share/interpreter/linkResolver.cpp, line 773]
Event: 3.886 Thread 0x00000275d084b800 Exception <a 'java/lang/NoSuchMethodError'{0x0000000099182190}: 'void java.lang.invoke.DirectMethodHandle$Holder.invokeVirtual(java.lang.Object, java.lang.Object)'> (0x0000000099182190) thrown at [./src/hotspot/share/interpreter/linkResolver.cpp, line 773]

Events (20 events):
Event: 3.922 loading class org/springframework/util/StopWatch$TaskInfo
Event: 3.922 loading class org/springframework/util/StopWatch$TaskInfo done
Event: 3.922 loading class jdk/internal/math/FDBigInteger
Event: 3.922 loading class jdk/internal/math/FDBigInteger done
Event: 3.924 loading class org/springframework/context/ConfigurableApplicationContext
Event: 3.924 loading class org/springframework/context/ConfigurableApplicationContext done
Event: 3.924 loading class org/springframework/context/ConfigurableApplicationContext
Event: 3.924 loading class org/springframework/context/ConfigurableApplicationContext done
Event: 3.925 loading class org/springframework/boot/ApplicationRunner
Event: 3.925 loading class org/springframework/boot/ApplicationRunner done
Event: 3.926 loading class org/springframework/boot/CommandLineRunner
Event: 3.926 loading class org/springframework/boot/CommandLineRunner done
Event: 3.926 loading class org/springframework/context/ConfigurableApplicationContext
Event: 3.926 loading class org/springframework/context/ConfigurableApplicationContext done
Event: 3.927 loading class org/springframework/context/ConfigurableApplicationContext
Event: 3.927 loading class org/springframework/context/ConfigurableApplicationContext done
Event: 3.927 loading class java/util/IdentityHashMap$KeyIterator
Event: 3.927 loading class java/util/IdentityHashMap$KeyIterator done
Event: 3.928 Thread 0x00000275d084b800 Thread exited: 0x00000275d084b800
Event: 3.928 Thread 0x00000275f198b800 Thread added: 0x00000275f198b800


Dynamic libraries:
0x00007ff636e30000 - 0x00007ff636e3d000 	C:\Program Files\Amazon Corretto\jdk11.0.9_12\bin\java.exe
0x00007ffc01d50000 - 0x00007ffc01f45000 	C:\Windows\SYSTEM32\ntdll.dll
0x00007ffc00120000 - 0x00007ffc001de000 	C:\Windows\System32\KERNEL32.DLL
0x00007ffbffa30000 - 0x00007ffbffcf9000 	C:\Windows\System32\KERNELBASE.dll
0x00007ffbff550000 - 0x00007ffbff650000 	C:\Windows\System32\ucrtbase.dll
0x00007ffbfb590000 - 0x00007ffbfb5a7000 	C:\Program Files\Amazon Corretto\jdk11.0.9_12\bin\jli.dll
0x00007ffbfb5b0000 - 0x00007ffbfb5c5000 	C:\Program Files\Amazon Corretto\jdk11.0.9_12\bin\VCRUNTIME140.dll
0x00007ffc01a40000 - 0x00007ffc01be1000 	C:\Windows\System32\USER32.dll
0x00007ffbff520000 - 0x00007ffbff542000 	C:\Windows\System32\win32u.dll
0x00007ffbe99e0000 - 0x00007ffbe9c7a000 	C:\Windows\WinSxS\amd64_microsoft.windows.common-controls_6595b64144ccf1df_6.0.19041.1110_none_60b5254171f9507e\COMCTL32.dll
0x00007ffc00920000 - 0x00007ffc0094b000 	C:\Windows\System32\GDI32.dll
0x00007ffc01c10000 - 0x00007ffc01cae000 	C:\Windows\System32\msvcrt.dll
0x00007ffbff650000 - 0x00007ffbff75b000 	C:\Windows\System32\gdi32full.dll
0x00007ffbffd00000 - 0x00007ffbffd9d000 	C:\Windows\System32\msvcp_win.dll
0x00007ffc01680000 - 0x00007ffc016b0000 	C:\Windows\System32\IMM32.DLL
0x00007ffbc63c0000 - 0x00007ffbc645b000 	C:\Program Files\Amazon Corretto\jdk11.0.9_12\bin\msvcp140.dll
0x00007ffbab560000 - 0x00007ffbac0a4000 	C:\Program Files\Amazon Corretto\jdk11.0.9_12\bin\server\jvm.dll
0x00007ffc00290000 - 0x00007ffc0033c000 	C:\Windows\System32\ADVAPI32.dll
0x00007ffbffed0000 - 0x00007ffbfff6b000 	C:\Windows\System32\sechost.dll
0x00007ffc017f0000 - 0x00007ffc0191a000 	C:\Windows\System32\RPCRT4.dll
0x00007ffc008a0000 - 0x00007ffc008a8000 	C:\Windows\System32\PSAPI.DLL
0x00007ffbf51f0000 - 0x00007ffbf51fa000 	C:\Windows\SYSTEM32\VERSION.dll
0x00007ffbd2e40000 - 0x00007ffbd2e49000 	C:\Windows\SYSTEM32\WSOCK32.dll
0x00007ffbf5220000 - 0x00007ffbf5247000 	C:\Windows\SYSTEM32\WINMM.dll
0x00007ffbfff70000 - 0x00007ffbfffdb000 	C:\Windows\System32\WS2_32.dll
0x00007ffbfdd40000 - 0x00007ffbfdd52000 	C:\Windows\SYSTEM32\kernel.appcore.dll
0x00007ffbd8410000 - 0x00007ffbd8420000 	C:\Program Files\Amazon Corretto\jdk11.0.9_12\bin\verify.dll
0x00007ffbfd7a0000 - 0x00007ffbfd984000 	C:\Windows\SYSTEM32\DBGHELP.DLL
0x00007ffbef960000 - 0x00007ffbef98c000 	C:\Windows\SYSTEM32\dbgcore.DLL
0x00007ffbff7c0000 - 0x00007ffbff843000 	C:\Windows\System32\bcryptPrimitives.dll
0x00007ffbd83e0000 - 0x00007ffbd8408000 	C:\Program Files\Amazon Corretto\jdk11.0.9_12\bin\java.dll
0x00007ffbd83d0000 - 0x00007ffbd83da000 	C:\Program Files\Amazon Corretto\jdk11.0.9_12\bin\jimage.dll
0x00007ffbfb500000 - 0x00007ffbfb50e000 	C:\Program Files\Amazon Corretto\jdk11.0.9_12\bin\instrument.dll
0x00007ffbd83b0000 - 0x00007ffbd83c7000 	C:\Program Files\Amazon Corretto\jdk11.0.9_12\bin\zip.dll
0x00007ffc00f40000 - 0x00007ffc0167f000 	C:\Windows\System32\SHELL32.dll
0x00007ffbfcf40000 - 0x00007ffbfd6d0000 	C:\Windows\SYSTEM32\windows.storage.dll
0x00007ffc00be0000 - 0x00007ffc00f35000 	C:\Windows\System32\combase.dll
0x00007ffbfedf0000 - 0x00007ffbfee1c000 	C:\Windows\SYSTEM32\Wldp.dll
0x00007ffc001e0000 - 0x00007ffc0028d000 	C:\Windows\System32\SHCORE.dll
0x00007ffbfffe0000 - 0x00007ffc00035000 	C:\Windows\System32\shlwapi.dll
0x00007ffbff3b0000 - 0x00007ffbff3cf000 	C:\Windows\SYSTEM32\profapi.dll
0x00007ffbc63a0000 - 0x00007ffbc63b9000 	C:\Program Files\Amazon Corretto\jdk11.0.9_12\bin\net.dll
0x00007ffbf4e80000 - 0x00007ffbf4f88000 	C:\Windows\SYSTEM32\WINHTTP.dll
0x00007ffbfeb50000 - 0x00007ffbfebba000 	C:\Windows\system32\mswsock.dll
0x00007ffbc6380000 - 0x00007ffbc6392000 	C:\Program Files\Amazon Corretto\jdk11.0.9_12\bin\nio.dll
0x00007ffbfa9e0000 - 0x00007ffbfa9fa000 	C:\Program Files\JetBrains\IntelliJ IDEA Community Edition 2020.3\bin\breakgen64.dll
0x00007ffbc9430000 - 0x00007ffbc9439000 	C:\Program Files\Amazon Corretto\jdk11.0.9_12\bin\management.dll
0x00007ffbc78a0000 - 0x00007ffbc78ab000 	C:\Program Files\Amazon Corretto\jdk11.0.9_12\bin\management_ext.dll
0x00007ffbc3930000 - 0x00007ffbc3947000 	C:\Windows\system32\napinsp.dll
0x00007ffbc3910000 - 0x00007ffbc392b000 	C:\Windows\system32\pnrpnsp.dll
0x00007ffbf9e00000 - 0x00007ffbf9e15000 	C:\Windows\system32\wshbth.dll
0x00007ffbfa890000 - 0x00007ffbfa8ad000 	C:\Windows\system32\NLAapi.dll
0x00007ffbfe840000 - 0x00007ffbfe87b000 	C:\Windows\SYSTEM32\IPHLPAPI.DLL
0x00007ffbfe880000 - 0x00007ffbfe94c000 	C:\Windows\SYSTEM32\DNSAPI.dll
0x00007ffc00890000 - 0x00007ffc00898000 	C:\Windows\System32\NSI.dll
0x00007ffbc38f0000 - 0x00007ffbc3902000 	C:\Windows\System32\winrnr.dll
0x0000000072440000 - 0x0000000072466000 	C:\Program Files\Bonjour\mdnsNSP.dll
0x00007ffbf2e70000 - 0x00007ffbf2e7a000 	C:\Windows\System32\rasadhlp.dll
0x00007ffbf3090000 - 0x00007ffbf310f000 	C:\Windows\System32\fwpuclnt.dll
0x00007ffbff850000 - 0x00007ffbff877000 	C:\Windows\System32\bcrypt.dll
0x00007ffbfed50000 - 0x00007ffbfed68000 	C:\Windows\SYSTEM32\CRYPTSP.dll
0x00007ffbfe4d0000 - 0x00007ffbfe504000 	C:\Windows\system32\rsaenh.dll
0x00007ffbff370000 - 0x00007ffbff39e000 	C:\Windows\SYSTEM32\USERENV.dll
0x00007ffbfed40000 - 0x00007ffbfed4c000 	C:\Windows\SYSTEM32\CRYPTBASE.dll
0x00007ffbf5200000 - 0x00007ffbf5217000 	C:\Windows\SYSTEM32\dhcpcsvc6.DLL
0x00007ffbf54d0000 - 0x00007ffbf54ed000 	C:\Windows\SYSTEM32\dhcpcsvc.DLL

dbghelp: loaded successfully - version: 4.0.5 - missing functions: none
symbol engine: initialized successfully - sym options: 0x614 - pdb path: .;C:\Program Files\Amazon Corretto\jdk11.0.9_12\bin;C:\Windows\SYSTEM32;C:\Windows\WinSxS\amd64_microsoft.windows.common-controls_6595b64144ccf1df_6.0.19041.1110_none_60b5254171f9507e;C:\Program Files\Amazon Corretto\jdk11.0.9_12\bin\server;C:\Program Files\JetBrains\IntelliJ IDEA Community Edition 2020.3\bin;C:\Program Files\Bonjour

VM Arguments:
jvm_args: -javaagent:C:\Program Files\JetBrains\IntelliJ IDEA Community Edition 2020.3\lib\idea_rt.jar=51002:C:\Program Files\JetBrains\IntelliJ IDEA Community Edition 2020.3\bin -Dfile.encoding=UTF-8 
java_command: com.example.Exceptions.ExceptionsApplication
java_class_path (initial): D:\Загрузки\Exceptions\target\classes;C:\Users\Huawei\.m2\repository\org\springframework\boot\spring-boot-starter\2.5.6\spring-boot-starter-2.5.6.jar;C:\Users\Huawei\.m2\repository\org\springframework\boot\spring-boot\2.5.6\spring-boot-2.5.6.jar;C:\Users\Huawei\.m2\repository\org\springframework\spring-context\5.3.12\spring-context-5.3.12.jar;C:\Users\Huawei\.m2\repository\org\springframework\boot\spring-boot-autoconfigure\2.5.6\spring-boot-autoconfigure-2.5.6.jar;C:\Users\Huawei\.m2\repository\org\springframework\boot\spring-boot-starter-logging\2.5.6\spring-boot-starter-logging-2.5.6.jar;C:\Users\Huawei\.m2\repository\ch\qos\logback\logback-classic\1.2.6\logback-classic-1.2.6.jar;C:\Users\Huawei\.m2\repository\ch\qos\logback\logback-core\1.2.6\logback-core-1.2.6.jar;C:\Users\Huawei\.m2\repository\org\apache\logging\log4j\log4j-to-slf4j\2.14.1\log4j-to-slf4j-2.14.1.jar;C:\Users\Huawei\.m2\repository\org\apache\logging\log4j\log4j-api\2.14.1\log4j-api-2.14.1.jar;C:\Users\Huawei\.m2\repository\org\slf4j\jul-to-slf4j\1.7.32\jul-to-slf4j-1.7.32.jar;C:\Users\Huawei\.m2\repository\jakarta\annotation\jakarta.annotation-api\1.3.5\jakarta.annotation-api-1.3.5.jar;C:\Users\Huawei\.m2\repository\org\springframework\spring-core\5.3.12\spring-core-5.3.12.jar;C:\Users\Huawei\.m2\repository\org\springframework\spring-jcl\5.3.12\spring-jcl-5.3.12.jar;C:\Users\Huawei\.m2\repository\org\yaml\snakeyaml\1.28\snakeyaml-1.28.jar;C:\Users\Huawei\.m2\repository\org\springframework\boot\spring-boot-starter-web\2.5.6\spring-boot-starter-web-2.5.6.jar;C:\Users\Huawei\.m2\repository\org\springframework\boot\spring-boot-starter-json\2.5.6\spring-boot-starter-json-2.5.6.jar;C:\Users\Huawei\.m2\repository\com\fasterxml\jackson\core\jackson-databind\2.12.5\jackson-databind-2.12.5.jar;C:\Users\Huawei\.m2\repository\com\fasterxml\jackson\core\jackson-annotations\2.12.5\jackson-annotations-2.12.5.jar;C:\Users\Huawei\.m2\repository\com\fasterxml\jackson\core\jackson-core\
Launcher Type: SUN_STANDARD

[Global flags]
     intx CICompilerCount                          = 4                                         {product} {ergonomic}
     uint ConcGCThreads                            = 2                                         {product} {ergonomic}
     uint G1ConcRefinementThreads                  = 8                                         {product} {ergonomic}
   size_t G1HeapRegionSize                         = 1048576                                   {product} {ergonomic}
    uintx GCDrainStackTargetSize                   = 64                                        {product} {ergonomic}
   size_t InitialHeapSize                          = 117440512                                 {product} {ergonomic}
   size_t MarkStackSize                            = 4194304                                   {product} {ergonomic}
   size_t MaxHeapSize                              = 1862270976                                {product} {ergonomic}
   size_t MaxNewSize                               = 1116733440                                {product} {ergonomic}
   size_t MinHeapDeltaBytes                        = 1048576                                   {product} {ergonomic}
    uintx NonNMethodCodeHeapSize                   = 5836300                                {pd product} {ergonomic}
    uintx NonProfiledCodeHeapSize                  = 122910970                              {pd product} {ergonomic}
    uintx ProfiledCodeHeapSize                     = 122910970                              {pd product} {ergonomic}
    uintx ReservedCodeCacheSize                    = 251658240                              {pd product} {ergonomic}
     bool SegmentedCodeCache                       = true                                      {product} {ergonomic}
     bool UseCompressedClassPointers               = true                                 {lp64_product} {ergonomic}
     bool UseCompressedOops                        = true                                 {lp64_product} {ergonomic}
     bool UseG1GC                                  = true                                      {product} {ergonomic}
     bool UseLargePagesIndividualAllocation        = false                                  {pd product} {ergonomic}

Logging:
Log output configuration:
 #0: stdout all=warning uptime,level,tags
 #1: stderr all=off uptime,level,tags

Environment Variables:
JAVA_HOME=C:\Program Files\Amazon Corretto\jdk11.0.9_12
PATH=C:\ProgramData\Oracle\Java\javapath;C:\Program Files\Common Files\Oracle\Java\javapath;C:\Program Files\Amazon Corretto\jdk11.0.9_12\bin;C:\Windows\system32;C:\Windows;C:\Windows\System32\Wbem;C:\Windows\System32\WindowsPowerShell\v1.0\;C:\Windows\System32\OpenSSH\;C:\Program Files\Git\cmd;C:\Users\Huawei\AppData\Local\Programs\Python\Python38\Scripts\;C:\Users\Huawei\AppData\Local\Programs\Python\Python38\;C:\Users\Huawei\AppData\Local\Microsoft\WindowsApps;C:\Users\Huawei\AppData\Local\GitHubDesktop\bin
USERNAME=Huawei
OS=Windows_NT
PROCESSOR_IDENTIFIER=AMD64 Family 23 Model 24 Stepping 1, AuthenticAMD



---------------  S Y S T E M  ---------------

OS: Windows 10 , 64 bit Build 19041 (10.0.19041.1202)
OS uptime: 0 days 2:59 hours

CPU:total 8 (initial active 8) (8 cores per cpu, 2 threads per core) family 23 model 24 stepping 1, cmov, cx8, fxsr, mmx, sse, sse2, sse3, ssse3, sse4.1, sse4.2, popcnt, avx, avx2, aes, clmul, mmxext, 3dnowpref, lzcnt, sse4a, ht, tsc, tscinvbit, tscinv, bmi1, bmi2, adx, sha, fma

Memory: 4k page, system-wide physical 7103M (432M free)
TotalPageFile size 9151M (AvailPageFile size 11M)
current process WorkingSet (physical memory assigned to process): 209M, peak: 215M
current process commit charge ("private bytes"): 313M, peak: 320M

vm_info: OpenJDK 64-Bit Server VM (11.0.9.1+12-LTS) for windows-amd64 JRE (11.0.9.1+12-LTS), built on Nov  4 2020 10:17:53 by "Administrator" with MS VC++ 15.9 (VS2017)

END.
