#
# There is insufficient memory for the Java Runtime Environment to continue.
# Native memory allocation (mmap) failed to map 117440512 bytes for Failed to commit area from 0x0000000091000000 to 0x0000000098000000 of length 117440512.
# Possible reasons:
#   The system is out of physical RAM or swap space
#   The process is running with CompressedOops enabled, and the Java Heap may be blocking the growth of the native heap
# Possible solutions:
#   Reduce memory load on the system
#   Increase physical memory or swap space
#   Check if swap backing store is full
#   Decrease Java heap size (-Xmx/-Xms)
#   Decrease number of Java threads
#   Decrease Java thread stack sizes (-Xss)
#   Set larger code cache with -XX:ReservedCodeCacheSize=
# This output file may be truncated or incomplete.
#
#  Out of Memory Error (./src/hotspot/os/windows/os_windows.cpp:3303), pid=9512, tid=15508
#
# JRE version:  (11.0.9.1+12) (build )
# Java VM: OpenJDK 64-Bit Server VM (11.0.9.1+12-LTS, mixed mode, sharing, tiered, compressed oops, g1 gc, windows-amd64)
# No core dump will be written. Minidumps are not enabled by default on client versions of Windows
#

---------------  S U M M A R Y ------------

Command Line: C:\Users\Huawei\AppData\Local\Temp\surefire1179429216238624946\surefirebooter17136946748654880785.jar C:\Users\Huawei\AppData\Local\Temp\surefire1179429216238624946 2021-11-16T23-32-28_930-jvmRun1 surefire7579892298211447123tmp surefire_011939897312269450624tmp

Host: AMD Ryzen 5 3500U with Radeon Vega Mobile Gfx  , 8 cores, 6G,  Windows 10 , 64 bit Build 19041 (10.0.19041.1202)
Time: Tue Nov 16 23:32:29 2021 RTZ 2 (зима) elapsed time: 0.026007 seconds (0d 0h 0m 0s)

---------------  T H R E A D  ---------------

Current thread (0x0000023445baa000):  JavaThread "Unknown thread" [_thread_in_vm, id=15508, stack(0x000000d464700000,0x000000d464800000)]

Stack: [0x000000d464700000,0x000000d464800000]
Native frames: (J=compiled Java code, j=interpreted, Vv=VM code, C=native code)
V  [jvm.dll+0x5f504a]
V  [jvm.dll+0x77d3ee]
V  [jvm.dll+0x77eabf]
V  [jvm.dll+0x77f183]
V  [jvm.dll+0x247668]
V  [jvm.dll+0x5f22aa]
V  [jvm.dll+0x5e6ef5]
V  [jvm.dll+0x2fc8bc]
V  [jvm.dll+0x2fc742]
V  [jvm.dll+0x3013f6]
V  [jvm.dll+0x345c6f]
V  [jvm.dll+0x3456a0]
V  [jvm.dll+0x2d9b18]
V  [jvm.dll+0x2dac66]
V  [jvm.dll+0x758db7]
V  [jvm.dll+0x75a53f]
V  [jvm.dll+0x352a69]
V  [jvm.dll+0x73c040]
V  [jvm.dll+0x3ba28f]
V  [jvm.dll+0x3bc731]
C  [jli.dll+0x5207]
C  [ucrtbase.dll+0x21bb2]
C  [KERNEL32.DLL+0x17034]
C  [ntdll.dll+0x52651]


---------------  P R O C E S S  ---------------

Threads class SMR info:
_java_thread_list=0x000002344421afa0, length=0, elements={
}

Java Threads: ( => current thread )

Other Threads:
  0x0000023445bc0800 GCTaskThread "GC Thread#0" [stack: 0x000000d464800000,0x000000d464900000] [id=15912]
  0x0000023445bed000 ConcurrentGCThread "G1 Main Marker" [stack: 0x000000d464900000,0x000000d464a00000] [id=808]
  0x0000023445bee800 ConcurrentGCThread "G1 Conc#0" [stack: 0x000000d464a00000,0x000000d464b00000] [id=5112]

[error occurred during error reporting (printing all threads), id 0xc0000005, EXCEPTION_ACCESS_VIOLATION (0xc0000005) at pc=0x00007ffbab849197]

VM state:not at safepoint (not fully initialized)

VM Mutex/Monitor currently owned by a thread:  ([mutex/lock_event])
[0x0000023445ba5c50] Heap_lock - owner thread: 0x0000023445baa000

Heap address: 0x0000000091000000, size: 1776 MB, Compressed Oops mode: Non-zero based: 0x0000000091000000
Narrow klass base: 0x0000000000000000, Narrow klass shift: 0

GC Heap History (0 events):
No events

Deoptimization events (0 events):
No events

Classes redefined (0 events):
No events

Internal exceptions (0 events):
No events

Events (1 events):
Event: 0.014 Loaded shared library C:\Program Files\Amazon Corretto\jdk11.0.9_12\bin\zip.dll


Dynamic libraries:
0x00007ff636e30000 - 0x00007ff636e3d000 	C:\Program Files\Amazon Corretto\jdk11.0.9_12\bin\java.exe
0x00007ffc01d50000 - 0x00007ffc01f45000 	C:\Windows\SYSTEM32\ntdll.dll
0x00007ffc00120000 - 0x00007ffc001de000 	C:\Windows\System32\KERNEL32.DLL
0x00007ffbffa30000 - 0x00007ffbffcf9000 	C:\Windows\System32\KERNELBASE.dll
0x00007ffbff550000 - 0x00007ffbff650000 	C:\Windows\System32\ucrtbase.dll
0x00007ffbfb5b0000 - 0x00007ffbfb5c5000 	C:\Program Files\Amazon Corretto\jdk11.0.9_12\bin\VCRUNTIME140.dll
0x00007ffbfb590000 - 0x00007ffbfb5a7000 	C:\Program Files\Amazon Corretto\jdk11.0.9_12\bin\jli.dll
0x00007ffc01a40000 - 0x00007ffc01be1000 	C:\Windows\System32\USER32.dll
0x00007ffbe99e0000 - 0x00007ffbe9c7a000 	C:\Windows\WinSxS\amd64_microsoft.windows.common-controls_6595b64144ccf1df_6.0.19041.1110_none_60b5254171f9507e\COMCTL32.dll
0x00007ffbff520000 - 0x00007ffbff542000 	C:\Windows\System32\win32u.dll
0x00007ffc01c10000 - 0x00007ffc01cae000 	C:\Windows\System32\msvcrt.dll
0x00007ffc00920000 - 0x00007ffc0094b000 	C:\Windows\System32\GDI32.dll
0x00007ffbff650000 - 0x00007ffbff75b000 	C:\Windows\System32\gdi32full.dll
0x00007ffbffd00000 - 0x00007ffbffd9d000 	C:\Windows\System32\msvcp_win.dll
0x00007ffc01680000 - 0x00007ffc016b0000 	C:\Windows\System32\IMM32.DLL
0x00007ffbc63c0000 - 0x00007ffbc645b000 	C:\Program Files\Amazon Corretto\jdk11.0.9_12\bin\msvcp140.dll
0x00007ffbab560000 - 0x00007ffbac0a4000 	C:\Program Files\Amazon Corretto\jdk11.0.9_12\bin\server\jvm.dll
0x00007ffc00290000 - 0x00007ffc0033c000 	C:\Windows\System32\ADVAPI32.dll
0x00007ffbffed0000 - 0x00007ffbfff6b000 	C:\Windows\System32\sechost.dll
0x00007ffc017f0000 - 0x00007ffc0191a000 	C:\Windows\System32\RPCRT4.dll
0x00007ffc008a0000 - 0x00007ffc008a8000 	C:\Windows\System32\PSAPI.DLL
0x00007ffbf5220000 - 0x00007ffbf5247000 	C:\Windows\SYSTEM32\WINMM.dll
0x00007ffbd2e40000 - 0x00007ffbd2e49000 	C:\Windows\SYSTEM32\WSOCK32.dll
0x00007ffbf51f0000 - 0x00007ffbf51fa000 	C:\Windows\SYSTEM32\VERSION.dll
0x00007ffbfff70000 - 0x00007ffbfffdb000 	C:\Windows\System32\WS2_32.dll
0x00007ffbfdd40000 - 0x00007ffbfdd52000 	C:\Windows\SYSTEM32\kernel.appcore.dll
0x00007ffbd8410000 - 0x00007ffbd8420000 	C:\Program Files\Amazon Corretto\jdk11.0.9_12\bin\verify.dll
0x00007ffbfd7a0000 - 0x00007ffbfd984000 	C:\Windows\SYSTEM32\DBGHELP.DLL
0x00007ffbef960000 - 0x00007ffbef98c000 	C:\Windows\SYSTEM32\dbgcore.DLL
0x00007ffbff7c0000 - 0x00007ffbff843000 	C:\Windows\System32\bcryptPrimitives.dll
0x00007ffbd83e0000 - 0x00007ffbd8408000 	C:\Program Files\Amazon Corretto\jdk11.0.9_12\bin\java.dll
0x00007ffbd83d0000 - 0x00007ffbd83da000 	C:\Program Files\Amazon Corretto\jdk11.0.9_12\bin\jimage.dll
0x00007ffbd83b0000 - 0x00007ffbd83c7000 	C:\Program Files\Amazon Corretto\jdk11.0.9_12\bin\zip.dll

dbghelp: loaded successfully - version: 4.0.5 - missing functions: none
symbol engine: initialized successfully - sym options: 0x614 - pdb path: .;C:\Program Files\Amazon Corretto\jdk11.0.9_12\bin;C:\Windows\SYSTEM32;C:\Windows\WinSxS\amd64_microsoft.windows.common-controls_6595b64144ccf1df_6.0.19041.1110_none_60b5254171f9507e;C:\Program Files\Amazon Corretto\jdk11.0.9_12\bin\server

VM Arguments:
java_command: C:\Users\Huawei\AppData\Local\Temp\surefire1179429216238624946\surefirebooter17136946748654880785.jar C:\Users\Huawei\AppData\Local\Temp\surefire1179429216238624946 2021-11-16T23-32-28_930-jvmRun1 surefire7579892298211447123tmp surefire_011939897312269450624tmp
java_class_path (initial): C:\Users\Huawei\AppData\Local\Temp\surefire1179429216238624946\surefirebooter17136946748654880785.jar
Launcher Type: SUN_STANDARD

[Global flags]
     intx CICompilerCount                          = 4                                         {product} {ergonomic}
     uint ConcGCThreads                            = 2                                         {product} {ergonomic}
     uint G1ConcRefinementThreads                  = 8                                         {product} {ergonomic}
   size_t G1HeapRegionSize                         = 1048576                                   {product} {ergonomic}
    uintx GCDrainStackTargetSize                   = 64                                        {product} {ergonomic}
   size_t InitialHeapSize                          = 117440512                                 {product} {ergonomic}
   size_t MarkStackSize                            = 4194304                                   {product} {ergonomic}
   size_t MaxHeapSize                              = 1862270976                                {product} {ergonomic}
   size_t MinHeapDeltaBytes                        = 1048576                                   {product} {ergonomic}
    uintx NonNMethodCodeHeapSize                   = 5836300                                {pd product} {ergonomic}
    uintx NonProfiledCodeHeapSize                  = 122910970                              {pd product} {ergonomic}
    uintx ProfiledCodeHeapSize                     = 122910970                              {pd product} {ergonomic}
    uintx ReservedCodeCacheSize                    = 251658240                              {pd product} {ergonomic}
     bool SegmentedCodeCache                       = true                                      {product} {ergonomic}
     bool UseCompressedClassPointers               = true                                 {lp64_product} {ergonomic}
     bool UseCompressedOops                        = true                                 {lp64_product} {ergonomic}
     bool UseG1GC                                  = true                                      {product} {ergonomic}
     bool UseLargePagesIndividualAllocation        = false                                  {pd product} {ergonomic}

Logging:
Log output configuration:
 #0: stdout all=warning uptime,level,tags
 #1: stderr all=off uptime,level,tags

Environment Variables:
JAVA_HOME=C:\Program Files\Amazon Corretto\jdk11.0.9_12
PATH=C:\ProgramData\Oracle\Java\javapath;C:\Program Files\Common Files\Oracle\Java\javapath;C:\Program Files\Amazon Corretto\jdk11.0.9_12\bin;C:\Windows\system32;C:\Windows;C:\Windows\System32\Wbem;C:\Windows\System32\WindowsPowerShell\v1.0\;C:\Windows\System32\OpenSSH\;C:\Program Files\Git\cmd;C:\Users\Huawei\AppData\Local\Programs\Python\Python38\Scripts\;C:\Users\Huawei\AppData\Local\Programs\Python\Python38\;C:\Users\Huawei\AppData\Local\Microsoft\WindowsApps;C:\Users\Huawei\AppData\Local\GitHubDesktop\bin
USERNAME=Huawei
OS=Windows_NT
PROCESSOR_IDENTIFIER=AMD64 Family 23 Model 24 Stepping 1, AuthenticAMD



---------------  S Y S T E M  ---------------

OS: Windows 10 , 64 bit Build 19041 (10.0.19041.1202)
OS uptime: 0 days 1:09 hours

CPU:total 8 (initial active 8) (8 cores per cpu, 2 threads per core) family 23 model 24 stepping 1, cmov, cx8, fxsr, mmx, sse, sse2, sse3, ssse3, sse4.1, sse4.2, popcnt, avx, avx2, aes, clmul, mmxext, 3dnowpref, lzcnt, sse4a, ht, tsc, tscinvbit, tscinv, bmi1, bmi2, adx, sha, fma

Memory: 4k page, system-wide physical 7103M (472M free)
TotalPageFile size 9151M (AvailPageFile size 94M)
current process WorkingSet (physical memory assigned to process): 9M, peak: 9M
current process commit charge ("private bytes"): 60M, peak: 171M

vm_info: OpenJDK 64-Bit Server VM (11.0.9.1+12-LTS) for windows-amd64 JRE (11.0.9.1+12-LTS), built on Nov  4 2020 10:17:53 by "Administrator" with MS VC++ 15.9 (VS2017)

END.
